 ** Message System Log
 ** Database: 
 ** Date:   Thu Jul 16 13:32:39 2015


****************
Macro Parameters
****************

Name                            : FIFO4096XBYTES
Family                          : PA3
Output Format                   : VHDL
Type                            : SOFTFIFO
Write Enable                    : Active Low
Read Clock                      : Rising
Write Clock                     : Rising
Reset                           : Active Low
Read Enable                     : Active Low
Write Depth                     : 4096
Write Width                     : 8
Read Depth                      : 4096
Read Width                      : 8
Almost Full                     : 65536
Almost Empty                    : 65536
Clocks                          : Independent Read and Write Clocks
AEFlag                          : None
AFFlag                          : None
Read Pipe Mode1                 : No Pipe
Optimized for                   : Speed
Prevent Read When Empty         : Yes
Prevent Write When Full         : Yes
Write Acknowledge               : No
Data Valid                      : No
Overflow                        : No
Underflow                       : No
Read Data Count                 : No
Write Data Count                : No
Standalone Controller           : False
Initialize RAM                  : False
Portname DataIn                 : DATA_IN
Portname DataOut                : DATA_OUT
Portname AE Port                : AEVAL
Portname AF Port                : AFVAL
Portname Write En               : WE_B
Portname Read En                : RE_B
Portname WClock                 : WCLOCK
Portname RClock                 : RCLOCK
Portname AE Flag                : AEMPTY
Portname AF Flag                : AFULL
Portname Full Flag              : FULL
Portname Empty Flag             : EMPTY
Portname Reset                  : RESET
Portname Write Acknowledge      : WACK
Portname Data Valid             : DVLD
Portname Overflow               : OVERFLOW
Portname Underflow              : UNDERFLOW
Portname Read Count             : RDCNT
Portname Write Count            : WRCNT
Portname Memory Write Address   :
Portname Memory Read Address    :
Portname Memory Write Enable    :
Portname Memory Read Enable     :
Portname Clock                  :

Cascade Configuration:
     Port A configuration       : 4096x1
     Port B configuration       : 4096x1
     Number of blocks depth wise: 1
     Number of blocks width wise: 8

**************
Compile Report
**************

Warning:  CMP503: Remapped 8 enable flip-flop(s) to a 2-tile implementation because the CLR/PRE pin on the enable flip-flop is not being driven by a global net.

Netlist Resource Report
=======================

    CORE                       Used:    352  Total:  38400   (0.92%)
    IO (W/ clocks)             Used:      0  Total:    147   (0.00%)
    Differential IO            Used:      0  Total:     65   (0.00%)
    GLOBAL (Chip+Quadrant)     Used:      0  Total:     18   (0.00%)
    PLL                        Used:      0  Total:      2   (0.00%)
    RAM/FIFO                   Used:      8  Total:     60   (13.33%)
    Low Static ICC             Used:      0  Total:      1   (0.00%)
    FlashROM                   Used:      0  Total:      1   (0.00%)
    User JTAG                  Used:      0  Total:      1   (0.00%)

Wrote VHDL netlist to D:/0_all_libero_project/CERN_LHCb/COMET_TEST/smartgen\FIFO4096XBYTES\FIFO4096XBYTES.vhd.

 ** Log Ended:   Thu Jul 16 13:32:40 2015

