*****************************************************************
Pin Report - Date: Thu Jan 07 14:45:51 2016 Pinchecksum: NOT-AVAILABLE
Product: Designer
Release: v11.6
Version: 11.6.0.34
Design Name: TOP_COMET
Family: ProASIC3E
Die: A3PE1500
Package: 208 PQFP
*****************************************************************
Port               |Pin |Fixed |Function         |I/O Std  |Output Drive (mA) |Slew |Resistor Pull |Schmitt Trigger |Input Delay |Skew |Output Load (pF) |Use I/O Reg |Hot Swappable |
-------------------|----|------|-----------------|---------|------------------|-----|--------------|----------------|------------|-----|-----------------|------------|--------------|
BIDIR_160M_N        113  Yes    GDB0/IO109NPB3V2  LVDS      24                 High  ---            ---              Off          No    0                 No           Yes
BIDIR_160M_P        115  Yes    GDB1/IO109PPB3V2  LVDS      24                 High  ---            ---              Off          No    0                 No           Yes
BIDIR_CLK200M_N     116  Yes    GDC0/IO108NDB3V2  LVDS      24                 High  ---            ---              Off          No    0                 No           Yes
BIDIR_CLK200M_P     117  Yes    GDC1/IO108PDB3V2  LVDS      24                 High  ---            ---              Off          No    0                 No           Yes
BIDIR_USB_ADBUS[0]  66   Yes    IO157PDB5V2       LVTTL     24                 High  Up             Yes              Off          No    35                Yes          Yes
BIDIR_USB_ADBUS[1]  64   Yes    IO157NDB5V2       LVTTL     24                 High  Up             Yes              Off          No    35                Yes          Yes
BIDIR_USB_ADBUS[2]  68   Yes    IO153PDB5V2       LVTTL     24                 High  Up             Yes              Off          No    35                Yes          Yes
BIDIR_USB_ADBUS[3]  67   Yes    IO153NDB5V2       LVTTL     24                 High  Up             Yes              Off          No    35                Yes          Yes
BIDIR_USB_ADBUS[4]  70   Yes    IO149PDB5V1       LVTTL     24                 High  Up             Yes              Off          No    35                Yes          Yes
BIDIR_USB_ADBUS[5]  69   Yes    IO149NDB5V1       LVTTL     24                 High  Up             Yes              Off          No    35                Yes          Yes
BIDIR_USB_ADBUS[6]  74   Yes    IO145PDB5V1       LVTTL     24                 High  Up             Yes              Off          No    35                Yes          Yes
BIDIR_USB_ADBUS[7]  73   Yes    IO145NDB5V1       LVTTL     24                 High  Up             Yes              Off          No    35                Yes          Yes
CCC_RX_CLK_LOCK     4    Yes    GAB2/IO220PSB7V3  LVCMOS25  8                  Low   Up             ---              ---          No    35                No           Yes
CLK200_N            26   Yes    GFA0/IO190NPB6V2  LVDS      ---                ---   ---            ---              Off          ---   ---               No           Yes
CLK200_P            28   Yes    GFA1/IO190PPB6V2  LVDS      ---                ---   ---            ---              Off          ---   ---               No           Yes
DCB_SALT_SEL        192  Yes    IO12PSB0V1        LVCMOS25  ---                ---   Up             Yes              Off          ---   ---               No           Yes
DEV_RST_B           136  Yes    GCC1/IO85PSB2V3   LVCMOS25  ---                ---   None           Yes              Off          ---   ---               No           Yes
ELK0_DAT_0N         94   Yes    IO113NDB4V0       LVDS      24                 High  ---            ---              Off          No    0                 No           Yes
ELK0_DAT_0P         95   Yes    GDC2/IO113PDB4V0  LVDS      24                 High  ---            ---              Off          No    0                 Yes          Yes
EXT_INT_REF_SEL     15   Yes    IO204PSB7V1       LVCMOS25  ---                ---   Up             Yes              Off          ---   ---               No           Yes
EXTCLK_40MHZ        124  Yes    GCC2/IO90PSB3V0   LVCMOS25  12                 High  Up             ---              ---          No    35                No           Yes
P_CCC_160M_ADJ      99   Yes    GDA2/IO111PSB4V0  LVCMOS25  12                 High  Up             ---              ---          No    35                No           Yes
P_CCC_MAIN_LOCK     125  Yes    GCB2/IO89PSB3V0   LVCMOS25  8                  Low   Up             ---              ---          No    35                No           Yes
P_CLK_PH1_160MHZ    21   Yes    IO196PSB7V0       LVCMOS25  12                 High  Up             ---              ---          No    35                No           Yes
P_ELK0_SYNC_DET     152  Yes    GBA2/IO58PSB2V0   LVCMOS25  8                  Low   Up             ---              ---          No    35                No           Yes
P_MASTER_POR_B      139  Yes    IO81PSB2V3        LVCMOS25  8                  Low   Up             ---              ---          No    35                No           Yes
P_OP_MODE1_SPE      56   Yes    GEA2/IO166PDB5V3  LVTTL     8                  Low   Up             ---              ---          No    35                No           Yes
P_OP_MODE2_TE       55   Yes    IO166NDB5V3       LVTTL     8                  Low   Up             ---              ---          No    35                No           Yes
P_OP_MODE5_AAE      58   Yes    GEB2/IO165PDB5V3  LVTTL     8                  Low   Up             ---              ---          No    35                No           Yes
P_OP_MODE6_EE       57   Yes    IO165NDB5V3       LVTTL     8                  Low   Up             ---              ---          No    35                No           Yes
P_RX_CLK160M        39   Yes    IO180PSB6V1       LVCMOS25  12                 High  Up             ---              ---          No    35                No           Yes
P_TFC_SYNC_DET      153  Yes    GBB2/IO59PSB2V0   LVCMOS25  8                  Low   Up             ---              ---          No    35                No           Yes
P_USB_MASTER_EN     22   Yes    GFC1/IO192PSB7V0  LVCMOS25  8                  Low   Up             ---              ---          No    35                No           Yes
P_USB_RXF_B         79   Yes    IO135NDB5V0       LVTTL     ---                ---   Up             Yes              Off          ---   ---               Yes          Yes
P_USB_TXE_B         80   Yes    IO135PDB5V0       LVTTL     ---                ---   Up             Yes              Off          ---   ---               Yes          Yes
REF_CLK_0N          176  Yes    IO35NDB1V0        LVDS      24                 High  ---            ---              Off          No    0                 No           Yes
REF_CLK_0P          175  Yes    IO35PDB1V0        LVDS      24                 High  ---            ---              Off          No    0                 No           Yes
SIM_MODE            172  Yes    IO43PSB1V1        LVCMOS25  ---                ---   Up             Yes              Off          ---   ---               No           Yes
TFC_DAT_0N          96   Yes    IO112NDB4V0       LVDS      24                 High  ---            ---              Off          No    0                 No           Yes
TFC_DAT_0P          98   Yes    GDB2/IO112PDB4V0  LVDS      24                 High  ---            ---              Off          No    0                 Yes          Yes
TX_160M_N           181  Yes    IO29NDB0V3        LVDS      24                 High  ---            ---              ---          ---   0                 No           Yes
TX_160M_P           180  Yes    IO29PDB0V3        LVDS      24                 High  ---            ---              ---          ---   0                 No           Yes
TX_200M_N           167  Yes    IO51NDB1V2        LVDS      24                 High  ---            ---              ---          ---   0                 No           Yes
TX_200M_P           166  Yes    IO51PDB1V2        LVDS      24                 High  ---            ---              ---          ---   0                 No           Yes
USB_OE_B            63   Yes    IO161PSB5V3       LVTTL     24                 High  Up             ---              ---          No    35                No           Yes
USB_RD_B            77   Yes    IO137NDB5V0       LVTTL     24                 High  Up             ---              ---          No    35                No           Yes
USB_SIWU_B          75   Yes    IO143NDB5V1       LVTTL     24                 High  Up             ---              ---          No    35                No           Yes
USB_WR_B            78   Yes    IO137PDB5V0       LVTTL     24                 High  Up             ---              ---          No    35                No           Yes
USBCLK60MHZ         76   Yes    IO143PDB5V1       LVTTL     ---                ---   Up             No               Off          ---   ---               No           Yes
