Timing Violation Report Min Delay Analysis

SmartTime Version v11.5 SP2
Microsemi Corporation - Microsemi Libero Software Release v11.5 SP2 (Version 11.5.2.6)
Date: Wed Oct 28 14:40:00 2015


Design: TOP_COMET
Family: ProASIC3E
Die: A3PE1500
Package: 208 PQFP
Temperature: COM
Voltage: COM
Speed Grade: STD
Design State: Post-Layout
Data source: Silicon verified
Min Operating Condition: BEST
Max Operating Condition: WORST
Using Enhanced Min Delay Analysis
Scenario for Timing Analysis: Primary


Path 1
  From:                        U1_EXEC_MASTER/MPOR_B_6:CLK
  To:                          U13A_ADJ_160M/ALL81BITS[28]:CLR
  Delay (ns):                  1.190
  Slack (ns):                  -1.318
  Arrival (ns):                2.922
  Required (ns):               4.240

Path 2
  From:                        U1_EXEC_MASTER/MPOR_B_6:CLK
  To:                          U13A_ADJ_160M/ALL81BITS[20]:CLR
  Delay (ns):                  1.039
  Slack (ns):                  -1.309
  Arrival (ns):                2.771
  Required (ns):               4.080

Path 3
  From:                        U1_EXEC_MASTER/MPOR_B_5:CLK
  To:                          U13A_ADJ_160M/LAST_PHA_ADJ_L[1]:PRE
  Delay (ns):                  1.286
  Slack (ns):                  -1.271
  Arrival (ns):                2.643
  Required (ns):               3.914

Path 4
  From:                        U1_EXEC_MASTER/MPOR_B_6:CLK
  To:                          U13A_ADJ_160M/ALL81BITS[27]:CLR
  Delay (ns):                  1.273
  Slack (ns):                  -1.258
  Arrival (ns):                3.005
  Required (ns):               4.263

Path 5
  From:                        U1_EXEC_MASTER/MPOR_B_6:CLK
  To:                          U13A_ADJ_160M/SHIFT_SM[2]:CLR
  Delay (ns):                  1.228
  Slack (ns):                  -1.242
  Arrival (ns):                2.960
  Required (ns):               4.202

Path 6
  From:                        U1_EXEC_MASTER/MPOR_B_6:CLK
  To:                          U13A_ADJ_160M/ALL81BITS[19]:CLR
  Delay (ns):                  1.123
  Slack (ns):                  -1.214
  Arrival (ns):                2.855
  Required (ns):               4.069

Path 7
  From:                        U1_EXEC_MASTER/MPOR_B_2:CLK
  To:                          U13A_ADJ_160M/ALL81BITS[49]/U1:CLR
  Delay (ns):                  0.927
  Slack (ns):                  -1.078
  Arrival (ns):                2.774
  Required (ns):               3.852

Path 8
  From:                        U1_EXEC_MASTER/MPOR_B_6:CLK
  To:                          U13A_ADJ_160M/SHIFT_SM[3]:CLR
  Delay (ns):                  1.228
  Slack (ns):                  -0.995
  Arrival (ns):                2.960
  Required (ns):               3.955

Path 9
  From:                        U13A_ADJ_160M/SHIFT_SM[5]:CLK
  To:                          U13A_ADJ_160M/ALL81BITS[28]:D
  Delay (ns):                  0.878
  Slack (ns):                  -0.980
  Arrival (ns):                3.260
  Required (ns):               4.240

Path 10
  From:                        U1_EXEC_MASTER/MPOR_B_2:CLK
  To:                          U13A_ADJ_160M/ALL81BITS[55]/U1:CLR
  Delay (ns):                  1.017
  Slack (ns):                  -0.925
  Arrival (ns):                2.864
  Required (ns):               3.789

Path 11
  From:                        U1_EXEC_MASTER/MPOR_B_6:CLK
  To:                          U13A_ADJ_160M/SHIFT_SM[4]:CLR
  Delay (ns):                  1.199
  Slack (ns):                  -0.918
  Arrival (ns):                2.931
  Required (ns):               3.849

Path 12
  From:                        U1_EXEC_MASTER/MPOR_B_2:CLK
  To:                          U13A_ADJ_160M/SSHIFT/U1:CLR
  Delay (ns):                  1.557
  Slack (ns):                  -0.859
  Arrival (ns):                3.404
  Required (ns):               4.263

Path 13
  From:                        U1_EXEC_MASTER/MPOR_B_6:CLK
  To:                          U13A_ADJ_160M/ALL81BITS[34]:CLR
  Delay (ns):                  1.709
  Slack (ns):                  -0.822
  Arrival (ns):                3.441
  Required (ns):               4.263

Path 14
  From:                        U13A_ADJ_160M/SHIFT_SM[5]:CLK
  To:                          U13A_ADJ_160M/ALL81BITS[20]:D
  Delay (ns):                  0.878
  Slack (ns):                  -0.820
  Arrival (ns):                3.260
  Required (ns):               4.080

Path 15
  From:                        U1_EXEC_MASTER/MPOR_B_2:CLK
  To:                          U13A_ADJ_160M/ALL81BITS[50]/U1:CLR
  Delay (ns):                  1.365
  Slack (ns):                  -0.794
  Arrival (ns):                3.212
  Required (ns):               4.006

Path 16
  From:                        U1_EXEC_MASTER/MPOR_B_5:CLK
  To:                          U13A_ADJ_160M/LAST_PHA_ADJ_L[2]:PRE
  Delay (ns):                  1.073
  Slack (ns):                  -0.767
  Arrival (ns):                2.430
  Required (ns):               3.197

Path 17
  From:                        U13A_ADJ_160M/SHIFT_SM[5]:CLK
  To:                          U13A_ADJ_160M/ALL81BITS[27]:D
  Delay (ns):                  1.150
  Slack (ns):                  -0.731
  Arrival (ns):                3.532
  Required (ns):               4.263

Path 18
  From:                        U13A_ADJ_160M/SHIFT_SM[5]:CLK
  To:                          U13A_ADJ_160M/ALL81BITS[8]:D
  Delay (ns):                  1.150
  Slack (ns):                  -0.731
  Arrival (ns):                3.532
  Required (ns):               4.263

Path 19
  From:                        U13A_ADJ_160M/SHIFT_SM[5]:CLK
  To:                          U13A_ADJ_160M/SHIFT_SM[4]:D
  Delay (ns):                  0.775
  Slack (ns):                  -0.692
  Arrival (ns):                3.157
  Required (ns):               3.849

Path 20
  From:                        U13A_ADJ_160M/SHIFT_SM[5]:CLK
  To:                          U13A_ADJ_160M/ALL81BITS[76]:D
  Delay (ns):                  1.139
  Slack (ns):                  -0.689
  Arrival (ns):                3.521
  Required (ns):               4.210

Path 21
  From:                        U1_EXEC_MASTER/MPOR_B_6:CLK
  To:                          U13A_ADJ_160M/ALL81BITS[38]:CLR
  Delay (ns):                  1.790
  Slack (ns):                  -0.688
  Arrival (ns):                3.522
  Required (ns):               4.210

Path 22
  From:                        U1_EXEC_MASTER/MPOR_B_2:CLK
  To:                          U13A_ADJ_160M/ALL81BITS[51]/U1:CLR
  Delay (ns):                  1.385
  Slack (ns):                  -0.674
  Arrival (ns):                3.232
  Required (ns):               3.906

Path 23
  From:                        U1_EXEC_MASTER/MPOR_B_6:CLK
  To:                          U13A_ADJ_160M/ALL81BITS[76]:CLR
  Delay (ns):                  1.804
  Slack (ns):                  -0.674
  Arrival (ns):                3.536
  Required (ns):               4.210

Path 24
  From:                        U13A_ADJ_160M/SHIFT_SM[5]:CLK
  To:                          U13A_ADJ_160M/ALL81BITS[38]:D
  Delay (ns):                  1.176
  Slack (ns):                  -0.652
  Arrival (ns):                3.558
  Required (ns):               4.210

Path 25
  From:                        U1_EXEC_MASTER/MPOR_B_6:CLK
  To:                          U13A_ADJ_160M/SHIFT_SM[1]:CLR
  Delay (ns):                  1.357
  Slack (ns):                  -0.648
  Arrival (ns):                3.089
  Required (ns):               3.737

Path 26
  From:                        U1_EXEC_MASTER/MPOR_B:CLK
  To:                          U13A_ADJ_160M/ALL81BITS[9]:CLR
  Delay (ns):                  1.228
  Slack (ns):                  -0.639
  Arrival (ns):                2.655
  Required (ns):               3.294

Path 27
  From:                        U1_EXEC_MASTER/MPOR_B_5:CLK
  To:                          U13A_ADJ_160M/LAST_PHA_ADJ_L[3]:PRE
  Delay (ns):                  1.118
  Slack (ns):                  -0.632
  Arrival (ns):                2.475
  Required (ns):               3.107

Path 28
  From:                        U1_EXEC_MASTER/MPOR_B_5:CLK
  To:                          U13A_ADJ_160M/LAST_PHA_ADJ_L[0]:PRE
  Delay (ns):                  1.024
  Slack (ns):                  -0.612
  Arrival (ns):                2.381
  Required (ns):               2.993

Path 29
  From:                        U1_EXEC_MASTER/MPOR_B_6:CLK
  To:                          U13A_ADJ_160M/SHIFT_SM[7]:PRE
  Delay (ns):                  1.048
  Slack (ns):                  -0.566
  Arrival (ns):                2.780
  Required (ns):               3.346

Path 30
  From:                        U13A_ADJ_160M/SHIFT_SM[5]:CLK
  To:                          U13A_ADJ_160M/ALL81BITS[34]:D
  Delay (ns):                  1.345
  Slack (ns):                  -0.536
  Arrival (ns):                3.727
  Required (ns):               4.263

Path 31
  From:                        U13A_ADJ_160M/SHIFT_SM[5]:CLK
  To:                          U13A_ADJ_160M/ALL81BITS[19]:D
  Delay (ns):                  1.160
  Slack (ns):                  -0.527
  Arrival (ns):                3.542
  Required (ns):               4.069

Path 32
  From:                        U13A_ADJ_160M/SHIFT_SM[5]:CLK
  To:                          U13A_ADJ_160M/ALL81BITS[51]/U1:D
  Delay (ns):                  1.031
  Slack (ns):                  -0.493
  Arrival (ns):                3.413
  Required (ns):               3.906

Path 33
  From:                        U13A_ADJ_160M/SHIFT_SM[5]:CLK
  To:                          U13A_ADJ_160M/LAST_PHA_ADJ_L[1]:D
  Delay (ns):                  1.041
  Slack (ns):                  -0.491
  Arrival (ns):                3.423
  Required (ns):               3.914

Path 34
  From:                        U1_EXEC_MASTER/MPOR_B_6:CLK
  To:                          U13A_ADJ_160M/ALL81BITS[8]:CLR
  Delay (ns):                  2.042
  Slack (ns):                  -0.489
  Arrival (ns):                3.774
  Required (ns):               4.263

Path 35
  From:                        U1_EXEC_MASTER/MPOR_B_5:CLK
  To:                          U13A_ADJ_160M/LAST_PHA_ADJ_L[4]:PRE
  Delay (ns):                  1.153
  Slack (ns):                  -0.480
  Arrival (ns):                2.510
  Required (ns):               2.990

Path 36
  From:                        U13A_ADJ_160M/SHIFT_SM[5]:CLK
  To:                          U13A_ADJ_160M/ALL81BITS[49]/U1:D
  Delay (ns):                  1.015
  Slack (ns):                  -0.455
  Arrival (ns):                3.397
  Required (ns):               3.852

Path 37
  From:                        U1_EXEC_MASTER/MPOR_B_3:CLK
  To:                          U13A_ADJ_160M/BITCNT[2]/U1:CLR
  Delay (ns):                  2.188
  Slack (ns):                  -0.433
  Arrival (ns):                3.908
  Required (ns):               4.341

Path 38
  From:                        U13A_ADJ_160M/SHIFT_SM[3]:CLK
  To:                          U13A_ADJ_160M/SHIFT_SM[2]:D
  Delay (ns):                  0.622
  Slack (ns):                  -0.429
  Arrival (ns):                3.773
  Required (ns):               4.202

Path 39
  From:                        U13A_ADJ_160M/SHIFT_SM[5]:CLK
  To:                          U13A_ADJ_160M/ALL81BITS[50]/U1:D
  Delay (ns):                  1.200
  Slack (ns):                  -0.424
  Arrival (ns):                3.582
  Required (ns):               4.006

Path 40
  From:                        U1_EXEC_MASTER/MPOR_B_3:CLK
  To:                          U13A_ADJ_160M/SDIN/U1:CLR
  Delay (ns):                  1.882
  Slack (ns):                  -0.393
  Arrival (ns):                3.602
  Required (ns):               3.995

Path 41
  From:                        U1_EXEC_MASTER/MPOR_B_2:CLK
  To:                          U13A_ADJ_160M/ALL81BITS[47]/U1:CLR
  Delay (ns):                  1.033
  Slack (ns):                  -0.386
  Arrival (ns):                2.880
  Required (ns):               3.266

Path 42
  From:                        U1_EXEC_MASTER/MPOR_B_3:CLK
  To:                          U13A_ADJ_160M/BITCNT[6]/U1:CLR
  Delay (ns):                  1.641
  Slack (ns):                  -0.364
  Arrival (ns):                3.361
  Required (ns):               3.725

Path 43
  From:                        U1_EXEC_MASTER/MPOR_B_3:CLK
  To:                          U13A_ADJ_160M/BITCNT[3]/U1:CLR
  Delay (ns):                  1.901
  Slack (ns):                  -0.359
  Arrival (ns):                3.621
  Required (ns):               3.980

Path 44
  From:                        U1_EXEC_MASTER/MPOR_B_3:CLK
  To:                          U13A_ADJ_160M/BITCNT[5]/U1:CLR
  Delay (ns):                  1.637
  Slack (ns):                  -0.349
  Arrival (ns):                3.357
  Required (ns):               3.706

Path 45
  From:                        U13A_ADJ_160M/SHIFT_SM[0]:CLK
  To:                          U13A_ADJ_160M/SHIFT_SM[0]:D
  Delay (ns):                  0.465
  Slack (ns):                  -0.336
  Arrival (ns):                3.607
  Required (ns):               3.943

Path 46
  From:                        U13A_ADJ_160M/SHIFT_SM[5]:CLK
  To:                          U13A_ADJ_160M/ALL81BITS[25]:D
  Delay (ns):                  1.151
  Slack (ns):                  -0.334
  Arrival (ns):                3.533
  Required (ns):               3.867

Path 47
  From:                        U1_EXEC_MASTER/MPOR_B_3:CLK
  To:                          U13A_ADJ_160M/BITCNT[0]/U1:CLR
  Delay (ns):                  1.537
  Slack (ns):                  -0.329
  Arrival (ns):                3.257
  Required (ns):               3.586

Path 48
  From:                        U13A_ADJ_160M/SHIFT_SM[5]:CLK
  To:                          U13A_ADJ_160M/ALL81BITS[33]:D
  Delay (ns):                  1.176
  Slack (ns):                  -0.316
  Arrival (ns):                3.558
  Required (ns):               3.874

Path 49
  From:                        U13A_ADJ_160M/ALL81BITS[8]:CLK
  To:                          U13A_ADJ_160M/ALL81BITS[8]:D
  Delay (ns):                  0.562
  Slack (ns):                  -0.305
  Arrival (ns):                3.958
  Required (ns):               4.263

Path 50
  From:                        U1_EXEC_MASTER/MPOR_B_3:CLK
  To:                          U13A_ADJ_160M/BITCNT[1]/U1:CLR
  Delay (ns):                  1.918
  Slack (ns):                  -0.299
  Arrival (ns):                3.638
  Required (ns):               3.937

Path 51
  From:                        U1_EXEC_MASTER/MPOR_B_3:CLK
  To:                          U13A_ADJ_160M/BITCNT[4]/U1:CLR
  Delay (ns):                  2.057
  Slack (ns):                  -0.285
  Arrival (ns):                3.777
  Required (ns):               4.062

Path 52
  From:                        U13A_ADJ_160M/ALL81BITS[27]:CLK
  To:                          U13A_ADJ_160M/ALL81BITS[27]:D
  Delay (ns):                  0.587
  Slack (ns):                  -0.280
  Arrival (ns):                3.983
  Required (ns):               4.263

Path 53
  From:                        U13A_ADJ_160M/ALL81BITS[34]:CLK
  To:                          U13A_ADJ_160M/ALL81BITS[34]:D
  Delay (ns):                  0.587
  Slack (ns):                  -0.280
  Arrival (ns):                3.983
  Required (ns):               4.263

Path 54
  From:                        U13A_ADJ_160M/ALL81BITS[28]:CLK
  To:                          U13A_ADJ_160M/ALL81BITS[28]:D
  Delay (ns):                  0.586
  Slack (ns):                  -0.276
  Arrival (ns):                3.964
  Required (ns):               4.240

Path 55
  From:                        U1_EXEC_MASTER/MPOR_B_6:CLK
  To:                          U13A_ADJ_160M/ALL81BITS[80]:CLR
  Delay (ns):                  0.754
  Slack (ns):                  -0.275
  Arrival (ns):                2.486
  Required (ns):               2.761

Path 56
  From:                        U13A_ADJ_160M/ALL81BITS[38]:CLK
  To:                          U13A_ADJ_160M/ALL81BITS[38]:D
  Delay (ns):                  0.586
  Slack (ns):                  -0.270
  Arrival (ns):                3.940
  Required (ns):               4.210

Path 57
  From:                        U13A_ADJ_160M/ALL81BITS[76]:CLK
  To:                          U13A_ADJ_160M/ALL81BITS[76]:D
  Delay (ns):                  0.587
  Slack (ns):                  -0.269
  Arrival (ns):                3.941
  Required (ns):               4.210

Path 58
  From:                        U1_EXEC_MASTER/MPOR_B_6:CLK
  To:                          U13A_ADJ_160M/SHIFT_SM[0]:CLR
  Delay (ns):                  1.946
  Slack (ns):                  -0.265
  Arrival (ns):                3.678
  Required (ns):               3.943

Path 59
  From:                        U1_EXEC_MASTER/MPOR_B_6:CLK
  To:                          U13A_ADJ_160M/ALL81BITS[2]:CLR
  Delay (ns):                  1.801
  Slack (ns):                  -0.263
  Arrival (ns):                3.533
  Required (ns):               3.796

Path 60
  From:                        U13A_ADJ_160M/ALL81BITS[20]:CLK
  To:                          U13A_ADJ_160M/ALL81BITS[20]:D
  Delay (ns):                  0.586
  Slack (ns):                  -0.243
  Arrival (ns):                3.837
  Required (ns):               4.080

Path 61
  From:                        U13A_ADJ_160M/SHIFT_SM[4]:CLK
  To:                          U13A_ADJ_160M/SHIFT_SM[3]:D
  Delay (ns):                  0.646
  Slack (ns):                  -0.242
  Arrival (ns):                3.713
  Required (ns):               3.955

Path 62
  From:                        U13A_ADJ_160M/ALL81BITS[19]:CLK
  To:                          U13A_ADJ_160M/ALL81BITS[19]:D
  Delay (ns):                  0.597
  Slack (ns):                  -0.230
  Arrival (ns):                3.839
  Required (ns):               4.069

Path 63
  From:                        U13A_ADJ_160M/SSHIFT/U1:CLK
  To:                          U13A_ADJ_160M/SSHIFT/U1:D
  Delay (ns):                  0.644
  Slack (ns):                  -0.223
  Arrival (ns):                4.040
  Required (ns):               4.263

Path 64
  From:                        U13A_ADJ_160M/ALL81BITS[33]:CLK
  To:                          U13A_ADJ_160M/ALL81BITS[33]:D
  Delay (ns):                  0.586
  Slack (ns):                  -0.201
  Arrival (ns):                3.673
  Required (ns):               3.874

Path 65
  From:                        U13A_ADJ_160M/ALL81BITS[25]:CLK
  To:                          U13A_ADJ_160M/ALL81BITS[25]:D
  Delay (ns):                  0.592
  Slack (ns):                  -0.194
  Arrival (ns):                3.673
  Required (ns):               3.867

Path 66
  From:                        U1_EXEC_MASTER/MPOR_B_2:CLK
  To:                          U13A_ADJ_160M/ALL81BITS[46]/U1:CLR
  Delay (ns):                  1.330
  Slack (ns):                  -0.186
  Arrival (ns):                3.177
  Required (ns):               3.363

Path 67
  From:                        U13A_ADJ_160M/ALL81BITS[2]:CLK
  To:                          U13A_ADJ_160M/ALL81BITS[2]:D
  Delay (ns):                  0.587
  Slack (ns):                  -0.184
  Arrival (ns):                3.612
  Required (ns):               3.796

Path 68
  From:                        U13A_ADJ_160M/SHIFT_SM[5]:CLK
  To:                          U13A_ADJ_160M/ALL81BITS[2]:D
  Delay (ns):                  1.231
  Slack (ns):                  -0.183
  Arrival (ns):                3.613
  Required (ns):               3.796

Path 69
  From:                        U13A_ADJ_160M/BITCNT[2]/U1:CLK
  To:                          U13A_ADJ_160M/BITCNT[2]/U1:D
  Delay (ns):                  0.706
  Slack (ns):                  -0.176
  Arrival (ns):                4.165
  Required (ns):               4.341

Path 70
  From:                        U13A_ADJ_160M/SDIN/U1:CLK
  To:                          U13A_ADJ_160M/SDIN/U1:D
  Delay (ns):                  0.644
  Slack (ns):                  -0.168
  Arrival (ns):                3.827
  Required (ns):               3.995

Path 71
  From:                        U13A_ADJ_160M/SHIFT_SM[5]:CLK
  To:                          U13A_ADJ_160M/LAST_PHA_ADJ_L[2]:D
  Delay (ns):                  0.648
  Slack (ns):                  -0.167
  Arrival (ns):                3.030
  Required (ns):               3.197

Path 72
  From:                        U13A_ADJ_160M/ALL81BITS[10]:CLK
  To:                          U13A_ADJ_160M/ALL81BITS[10]:D
  Delay (ns):                  0.587
  Slack (ns):                  -0.152
  Arrival (ns):                3.485
  Required (ns):               3.637

Path 73
  From:                        U1_EXEC_MASTER/MPOR_B_6:CLK
  To:                          U13A_ADJ_160M/ALL81BITS[33]:CLR
  Delay (ns):                  1.990
  Slack (ns):                  -0.152
  Arrival (ns):                3.722
  Required (ns):               3.874

Path 74
  From:                        U1_EXEC_MASTER/MPOR_B_6:CLK
  To:                          U13A_ADJ_160M/SHIFT_SM[5]:CLR
  Delay (ns):                  1.118
  Slack (ns):                  -0.140
  Arrival (ns):                2.850
  Required (ns):               2.990

Path 75
  From:                        U13A_ADJ_160M/ALL81BITS[50]/U1:CLK
  To:                          U13A_ADJ_160M/ALL81BITS[50]/U1:D
  Delay (ns):                  0.674
  Slack (ns):                  -0.140
  Arrival (ns):                3.866
  Required (ns):               4.006

Path 76
  From:                        U13A_ADJ_160M/BITCNT[4]/U1:CLK
  To:                          U13A_ADJ_160M/BITCNT[4]/U1:D
  Delay (ns):                  0.693
  Slack (ns):                  -0.132
  Arrival (ns):                3.930
  Required (ns):               4.062

Path 77
  From:                        U13A_ADJ_160M/ALL81BITS[55]/U1:CLK
  To:                          U13A_ADJ_160M/ALL81BITS[55]/U1:D
  Delay (ns):                  0.651
  Slack (ns):                  -0.119
  Arrival (ns):                3.670
  Required (ns):               3.789

Path 78
  From:                        U13A_ADJ_160M/ALL81BITS[31]:CLK
  To:                          U13A_ADJ_160M/ALL81BITS[31]:D
  Delay (ns):                  0.586
  Slack (ns):                  -0.117
  Arrival (ns):                3.344
  Required (ns):               3.461

Path 79
  From:                        U13A_ADJ_160M/ALL81BITS[51]/U1:CLK
  To:                          U13A_ADJ_160M/ALL81BITS[51]/U1:D
  Delay (ns):                  0.678
  Slack (ns):                  -0.116
  Arrival (ns):                3.790
  Required (ns):               3.906

Path 80
  From:                        U13A_ADJ_160M/ALL81BITS[49]/U1:CLK
  To:                          U13A_ADJ_160M/ALL81BITS[49]/U1:D
  Delay (ns):                  0.669
  Slack (ns):                  -0.114
  Arrival (ns):                3.738
  Required (ns):               3.852

Path 81
  From:                        U13A_ADJ_160M/SHIFT_SM[5]:CLK
  To:                          U13A_ADJ_160M/ALL81BITS[55]/U1:D
  Delay (ns):                  1.293
  Slack (ns):                  -0.114
  Arrival (ns):                3.675
  Required (ns):               3.789

Path 82
  From:                        U13A_ADJ_160M/BITCNT[3]/U1:CLK
  To:                          U13A_ADJ_160M/BITCNT[3]/U1:D
  Delay (ns):                  0.704
  Slack (ns):                  -0.105
  Arrival (ns):                3.875
  Required (ns):               3.980

Path 83
  From:                        U13A_ADJ_160M/ALL81BITS[0]:CLK
  To:                          U13A_ADJ_160M/ALL81BITS[0]:D
  Delay (ns):                  0.587
  Slack (ns):                  -0.104
  Arrival (ns):                3.298
  Required (ns):               3.402

Path 84
  From:                        U13A_ADJ_160M/LAST_PHA_ADJ_L[1]:CLK
  To:                          U13A_ADJ_160M/LAST_PHA_ADJ_L[1]:D
  Delay (ns):                  0.695
  Slack (ns):                  -0.100
  Arrival (ns):                3.814
  Required (ns):               3.914

Path 85
  From:                        U1_EXEC_MASTER/MPOR_B_2:CLK
  To:                          U13A_ADJ_160M/ALL81BITS[53]/U1:CLR
  Delay (ns):                  0.772
  Slack (ns):                  -0.095
  Arrival (ns):                2.619
  Required (ns):               2.714

Path 86
  From:                        U13A_ADJ_160M/ALL81BITS[1]:CLK
  To:                          U13A_ADJ_160M/ALL81BITS[1]:D
  Delay (ns):                  0.587
  Slack (ns):                  -0.092
  Arrival (ns):                3.249
  Required (ns):               3.341

Path 87
  From:                        U1_EXEC_MASTER/MPOR_B_2:CLK
  To:                          U13A_ADJ_160M/ALL81BITS[48]/U1:CLR
  Delay (ns):                  1.035
  Slack (ns):                  -0.085
  Arrival (ns):                2.882
  Required (ns):               2.967

Path 88
  From:                        U13A_ADJ_160M/ALL81BITS[9]:CLK
  To:                          U13A_ADJ_160M/ALL81BITS[9]:D
  Delay (ns):                  0.587
  Slack (ns):                  -0.082
  Arrival (ns):                3.212
  Required (ns):               3.294

Path 89
  From:                        U1_EXEC_MASTER/MPOR_B_6:CLK
  To:                          U13A_ADJ_160M/ALL81BITS[25]:CLR
  Delay (ns):                  2.053
  Slack (ns):                  -0.082
  Arrival (ns):                3.785
  Required (ns):               3.867

Path 90
  From:                        U13A_ADJ_160M/SHIFT_SM[5]:CLK
  To:                          U13A_ADJ_160M/ALL81BITS[10]:D
  Delay (ns):                  1.188
  Slack (ns):                  -0.067
  Arrival (ns):                3.570
  Required (ns):               3.637

Path 91
  From:                        U13A_ADJ_160M/ALL81BITS[54]/U1:CLK
  To:                          U13A_ADJ_160M/ALL81BITS[54]/U1:D
  Delay (ns):                  0.644
  Slack (ns):                  -0.061
  Arrival (ns):                3.407
  Required (ns):               3.468

Path 92
  From:                        U13A_ADJ_160M/SHIFT_SM[5]:CLK
  To:                          U13A_ADJ_160M/SSHIFT/U1:D
  Delay (ns):                  1.824
  Slack (ns):                  -0.057
  Arrival (ns):                4.206
  Required (ns):               4.263

Path 93
  From:                        U13A_ADJ_160M/SHIFT_SM[1]:CLK
  To:                          U13A_ADJ_160M/SHIFT_SM[1]:D
  Delay (ns):                  0.707
  Slack (ns):                  -0.052
  Arrival (ns):                3.685
  Required (ns):               3.737

Path 94
  From:                        U13A_ADJ_160M/ALL81BITS[7]:CLK
  To:                          U13A_ADJ_160M/ALL81BITS[7]:D
  Delay (ns):                  0.586
  Slack (ns):                  -0.049
  Arrival (ns):                3.078
  Required (ns):               3.127

Path 95
  From:                        U13A_ADJ_160M/ALL81BITS[11]:CLK
  To:                          U13A_ADJ_160M/ALL81BITS[11]:D
  Delay (ns):                  0.586
  Slack (ns):                  -0.045
  Arrival (ns):                3.060
  Required (ns):               3.105

Path 96
  From:                        U2_MAIN_S_CFG/SHIFT_SM[6]:CLK
  To:                          U2_MAIN_S_CFG/SHIFT_SM[5]:D
  Delay (ns):                  0.841
  Slack (ns):                  -0.045
  Arrival (ns):                1.029
  Required (ns):               1.074

Path 97
  From:                        U1_EXEC_MASTER/MPOR_B_3:CLK
  To:                          U13A_ADJ_160M/SUPDATE/U1:CLR
  Delay (ns):                  1.650
  Slack (ns):                  -0.044
  Arrival (ns):                3.370
  Required (ns):               3.414

Path 98
  From:                        U13A_ADJ_160M/BITCNT[1]/U1:CLK
  To:                          U13A_ADJ_160M/BITCNT[1]/U1:D
  Delay (ns):                  0.761
  Slack (ns):                  -0.039
  Arrival (ns):                3.898
  Required (ns):               3.937

Path 99
  From:                        U13A_ADJ_160M/BITCNT[0]/U1:CLK
  To:                          U13A_ADJ_160M/BITCNT[0]/U1:D
  Delay (ns):                  0.693
  Slack (ns):                  -0.036
  Arrival (ns):                3.550
  Required (ns):               3.586

Path 100
  From:                        U13A_ADJ_160M/BITCNT[6]/U1:CLK
  To:                          U13A_ADJ_160M/BITCNT[6]/U1:D
  Delay (ns):                  0.723
  Slack (ns):                  -0.034
  Arrival (ns):                3.691
  Required (ns):               3.725

