 ** Message System Log
 ** Database: 
 ** Date:   Mon Oct 19 08:11:47 2015


****************
Macro Parameters
****************

Name                            : tristate_buf
Family                          : PA3
Output Format                   : VHDL
Type                            : TriState Buffers
Variation                       : Pull-up
Enable Polarity                 : Active High
Width                           : 1
Technology                      : LVTTL F_24

**************
Compile Report
**************


Netlist Resource Report
=======================

    CORE                       Used:      0  Total:  38400   (0.00%)
    IO (W/ clocks)             Used:      1  Total:    147   (0.68%)
    Differential IO            Used:      0  Total:     65   (0.00%)
    GLOBAL (Chip+Quadrant)     Used:      0  Total:     18   (0.00%)
    PLL                        Used:      0  Total:      2   (0.00%)
    RAM/FIFO                   Used:      0  Total:     60   (0.00%)
    Low Static ICC             Used:      0  Total:      1   (0.00%)
    FlashROM                   Used:      0  Total:      1   (0.00%)
    User JTAG                  Used:      0  Total:      1   (0.00%)

Wrote VHDL netlist to D:/0_all_libero_project/CERN_LHCb/COMET_TEST/smartgen\tristate_buf\tristate_buf.vhd.

 ** Log Ended:   Mon Oct 19 08:11:48 2015

