# Synopsys Constraint Checker(syntax only), version mapact, Build 2172R, built Oct 30 2017
# Copyright (C) 1994-2017 Synopsys, Inc. This Synopsys software and all associated documentation are proprietary to Synopsys, Inc. and may only be used pursuant to the terms and conditions of a written license agreement with Synopsys, Inc. All other use, reproduction, modification, or distribution of the Synopsys software or the associated documentation is strictly prohibited.

# Written on Sun Dec 29 18:59:28 2019


##### DESIGN INFO #######################################################

Top View:                "TOP_COMET"
Constraint File(s):      "Z:\windows\comet_fw\constraint\Top_Basic_a.sdc"

#Run constraint checker to find more issues with constraints.
#########################################################################



No issues found in constraint syntax.



Clock Summary
*************

Start                  Requested     Requested     Clock        Clock                Clock
Clock                  Frequency     Period        Type         Group                Load 
------------------------------------------------------------------------------------------
CCC_160M_ADJ           160.0 MHz     6.250         declared     default_clkgroup     0    
CCC_160M_ADJ_ALIAS     160.0 MHz     6.250         declared     default_clkgroup     422  
CCC_160M_FXD           160.0 MHz     6.250         declared     default_clkgroup     653  
CLK60MHZ               60.0 MHz      16.665        declared     group_39_31          618  
CLK_40M_GL             40.0 MHz      25.000        declared     default_clkgroup     1847 
Y_INFERRED             200.0 MHz     5.000         declared     default_clkgroup     4    
==========================================================================================
