 ** Message System Log
 ** Database: 
 ** Date:   Thu Oct 08 17:01:32 2015


****************
Macro Parameters
****************

Name                            : BIDIR_LVTTL
Family                          : PA3
Output Format                   : VHDL
Type                            : Bi-directional Buffers
Variation                       : Pull-up
Enable Polarity                 : Active Low
Width                           : 8
Technology                      : LVTTL F_24

**************
Compile Report
**************


Netlist Resource Report
=======================

    CORE                       Used:      1  Total:  38400   (0.00%)
    IO (W/ clocks)             Used:      8  Total:    147   (5.44%)
    Differential IO            Used:      0  Total:     65   (0.00%)
    GLOBAL (Chip+Quadrant)     Used:      0  Total:     18   (0.00%)
    PLL                        Used:      0  Total:      2   (0.00%)
    RAM/FIFO                   Used:      0  Total:     60   (0.00%)
    Low Static ICC             Used:      0  Total:      1   (0.00%)
    FlashROM                   Used:      0  Total:      1   (0.00%)
    User JTAG                  Used:      0  Total:      1   (0.00%)

Wrote VHDL netlist to D:/0_all_libero_project/CERN_LHCb/COMET_TEST/smartgen\BIDIR_LVTTL\BIDIR_LVTTL.vhd.

 ** Log Ended:   Thu Oct 08 17:01:32 2015

