Target Part: A3PE1500_PQFP208_STD
Report for cell TOP_COMET.rtl
  Core Cell usage:
              cell count     area count*area
              AND2    10      1.0       10.0
             AND2A     4      1.0        4.0
              AND3     6      1.0        6.0
               AO1   169      1.0      169.0
              AO13     3      1.0        3.0
              AO16     1      1.0        1.0
              AO1A    53      1.0       53.0
              AO1B     6      1.0        6.0
              AO1C    21      1.0       21.0
              AO1D     5      1.0        5.0
              AOI1    36      1.0       36.0
             AOI1A     4      1.0        4.0
             AOI1B     9      1.0        9.0
              AX1A     1      1.0        1.0
              AX1C     8      1.0        8.0
              AX1E     5      1.0        5.0
              BUFF     3      1.0        3.0
            CLKINT     1      0.0        0.0
           DDR_OUT    25      0.0        0.0
           DDR_REG    21      0.0        0.0
               GND   160      0.0        0.0
               INV    20      1.0       20.0
               MX2  1344      1.0     1344.0
              MX2A    17      1.0       17.0
              MX2B    34      1.0       34.0
              MX2C    11      1.0       11.0
              NOR2    90      1.0       90.0
             NOR2A   291      1.0      291.0
             NOR2B   348      1.0      348.0
              NOR3    41      1.0       41.0
             NOR3A   119      1.0      119.0
             NOR3B   114      1.0      114.0
             NOR3C   105      1.0      105.0
               OA1    28      1.0       28.0
              OA1A    14      1.0       14.0
              OA1B    40      1.0       40.0
              OA1C    27      1.0       27.0
              OAI1     2      1.0        2.0
               OR2   216      1.0      216.0
              OR2A   101      1.0      101.0
              OR2B    24      1.0       24.0
               OR3   145      1.0      145.0
              OR3A    26      1.0       26.0
              OR3B    15      1.0       15.0
              OR3C     4      1.0        4.0
            PLLINT     3      0.0        0.0
               VCC   160      0.0        0.0
               XA1     2      1.0        2.0
              XA1A     5      1.0        5.0
              XA1B    44      1.0       44.0
              XA1C    44      1.0       44.0
             XNOR2     9      1.0        9.0
             XNOR3     3      1.0        3.0
               XO1    16      1.0       16.0
              XOR2    66      1.0       66.0


            DFI1C0     9      1.0        9.0
          DFI1E1P0     1      1.0        1.0
            DFI1P0    26      1.0       26.0
            DFN1C0  2387      1.0     2387.0
          DFN1E0C0   146      1.0      146.0
          DFN1E0P0    46      1.0       46.0
          DFN1E1C0   841      1.0      841.0
          DFN1E1P0     7      1.0        7.0
            DFN1P0    31      1.0       31.0
            DYNCCC     2      0.0        0.0
            RAM4K9    21      0.0        0.0
                   -----          ----------
             TOTAL  7596              7203.0


  IO Cell usage:
              cell count
       BIBUF_F_24U     8
        BIBUF_LVDS    27
             INBUF     6
        INBUF_LVDS     1
            OUTBUF    13
       OUTBUF_LVDS     1
     TRIBUFF_F_24U     4
                   -----
             TOTAL    60


Core Cells         : 7203 of 38400 (19%)
IO Cells           : 60

  RAM/ROM Usage Summary
Block Rams : 21 of 60 (35%)

